c:\users\kndu8\git\04kondoh\ghodt watcher\ゲーム制作\3dlv1_vs2019_00\gameprogramming\debug\vc143.pdb
c:\users\kndu8\git\04kondoh\ghodt watcher\ゲーム制作\3dlv1_vs2019_00\gameprogramming\debug\vc143.idb
c:\users\kndu8\git\04kondoh\ghodt watcher\ゲーム制作\3dlv1_vs2019_00\gameprogramming\debug\cgame.obj
c:\users\kndu8\git\04kondoh\ghodt watcher\ゲーム制作\3dlv1_vs2019_00\gameprogramming\debug\cfont.obj
c:\users\kndu8\git\04kondoh\ghodt watcher\ゲーム制作\3dlv1_vs2019_00\gameprogramming\debug\cenemy3.obj
c:\users\kndu8\git\04kondoh\ghodt watcher\ゲーム制作\3dlv1_vs2019_00\gameprogramming\debug\cenemy2.obj
c:\users\kndu8\git\04kondoh\ghodt watcher\ゲーム制作\3dlv1_vs2019_00\gameprogramming\debug\cenemy.obj
c:\users\kndu8\git\04kondoh\ghodt watcher\ゲーム制作\3dlv1_vs2019_00\gameprogramming\debug\ceffect.obj
c:\users\kndu8\git\04kondoh\ghodt watcher\ゲーム制作\3dlv1_vs2019_00\gameprogramming\debug\ccollisionmanager.obj
c:\users\kndu8\git\04kondoh\ghodt watcher\ゲーム制作\3dlv1_vs2019_00\gameprogramming\debug\ccollidertriangle.obj
c:\users\kndu8\git\04kondoh\ghodt watcher\ゲーム制作\3dlv1_vs2019_00\gameprogramming\debug\ccollidermesh.obj
c:\users\kndu8\git\04kondoh\ghodt watcher\ゲーム制作\3dlv1_vs2019_00\gameprogramming\debug\ccolliderline.obj
c:\users\kndu8\git\04kondoh\ghodt watcher\ゲーム制作\3dlv1_vs2019_00\gameprogramming\debug\ccollider.obj
c:\users\kndu8\git\04kondoh\ghodt watcher\ゲーム制作\3dlv1_vs2019_00\gameprogramming\debug\ccharactermanager.obj
c:\users\kndu8\git\04kondoh\ghodt watcher\ゲーム制作\3dlv1_vs2019_00\gameprogramming\debug\ccharacter3.obj
c:\users\kndu8\git\04kondoh\ghodt watcher\ゲーム制作\3dlv1_vs2019_00\gameprogramming\debug\ccharacter.obj
c:\users\kndu8\git\04kondoh\ghodt watcher\ゲーム制作\3dlv1_vs2019_00\gameprogramming\debug\ccamera.obj
c:\users\kndu8\git\04kondoh\ghodt watcher\ゲーム制作\3dlv1_vs2019_00\gameprogramming\debug\cbullet.obj
c:\users\kndu8\git\04kondoh\ghodt watcher\ゲーム制作\3dlv1_vs2019_00\gameprogramming\debug\cblock.obj
c:\users\kndu8\git\04kondoh\ghodt watcher\ゲーム制作\3dlv1_vs2019_00\gameprogramming\debug\cbillboard.obj
c:\users\kndu8\git\04kondoh\ghodt watcher\ゲーム制作\3dlv1_vs2019_00\gameprogramming\debug\cbackgraund.obj
c:\users\kndu8\git\04kondoh\ghodt watcher\ゲーム制作\3dlv1_vs2019_00\gameprogramming\debug\capplication.obj
c:\users\kndu8\git\04kondoh\ghodt watcher\ゲーム制作\3dlv1_vs2019_00\gameprogramming\debug\main.obj
c:\users\kndu8\git\04kondoh\ghodt watcher\ゲーム制作\3dlv1_vs2019_00\gameprogramming\debug\cvector.obj
c:\users\kndu8\git\04kondoh\ghodt watcher\ゲーム制作\3dlv1_vs2019_00\gameprogramming\debug\cui.obj
c:\users\kndu8\git\04kondoh\ghodt watcher\ゲーム制作\3dlv1_vs2019_00\gameprogramming\debug\ctriangle.obj
c:\users\kndu8\git\04kondoh\ghodt watcher\ゲーム制作\3dlv1_vs2019_00\gameprogramming\debug\ctransform.obj
c:\users\kndu8\git\04kondoh\ghodt watcher\ゲーム制作\3dlv1_vs2019_00\gameprogramming\debug\cinput.obj
c:\users\kndu8\git\04kondoh\ghodt watcher\ゲーム制作\3dlv1_vs2019_00\gameprogramming\debug\ctexture.obj
c:\users\kndu8\git\04kondoh\ghodt watcher\ゲーム制作\3dlv1_vs2019_00\gameprogramming\debug\ctaskmanager.obj
c:\users\kndu8\git\04kondoh\ghodt watcher\ゲーム制作\3dlv1_vs2019_00\gameprogramming\debug\csound.obj
c:\users\kndu8\git\04kondoh\ghodt watcher\ゲーム制作\3dlv1_vs2019_00\gameprogramming\debug\crectangle.obj
c:\users\kndu8\git\04kondoh\ghodt watcher\ゲーム制作\3dlv1_vs2019_00\gameprogramming\debug\cpoint.obj
c:\users\kndu8\git\04kondoh\ghodt watcher\ゲーム制作\3dlv1_vs2019_00\gameprogramming\debug\cplayer2.obj
c:\users\kndu8\git\04kondoh\ghodt watcher\ゲーム制作\3dlv1_vs2019_00\gameprogramming\debug\cplayer.obj
c:\users\kndu8\git\04kondoh\ghodt watcher\ゲーム制作\3dlv1_vs2019_00\gameprogramming\debug\cmodel.obj
c:\users\kndu8\git\04kondoh\ghodt watcher\ゲーム制作\3dlv1_vs2019_00\gameprogramming\debug\cmatrix.obj
c:\users\kndu8\git\04kondoh\ghodt watcher\ゲーム制作\3dlv1_vs2019_00\gameprogramming\debug\cmaterial.obj
c:\users\kndu8\git\04kondoh\ghodt watcher\ゲーム制作\3dlv1_vs2019_00\debug\gameprogramming.exe
c:\users\kndu8\git\04kondoh\ghodt watcher\ゲーム制作\3dlv1_vs2019_00\debug\gameprogramming.pdb
c:\users\kndu8\git\04kondoh\ghodt watcher\ゲーム制作\3dlv1_vs2019_00\gameprogramming\debug\gameprogramming.ilk
c:\users\kndu8\git\04kondoh\ghodt watcher\ゲーム制作\3dlv1_vs2019_00\gameprogramming\debug\gameprogramming.tlog\cl.command.1.tlog
c:\users\kndu8\git\04kondoh\ghodt watcher\ゲーム制作\3dlv1_vs2019_00\gameprogramming\debug\gameprogramming.tlog\cl.items.tlog
c:\users\kndu8\git\04kondoh\ghodt watcher\ゲーム制作\3dlv1_vs2019_00\gameprogramming\debug\gameprogramming.tlog\cl.read.1.tlog
c:\users\kndu8\git\04kondoh\ghodt watcher\ゲーム制作\3dlv1_vs2019_00\gameprogramming\debug\gameprogramming.tlog\cl.write.1.tlog
c:\users\kndu8\git\04kondoh\ghodt watcher\ゲーム制作\3dlv1_vs2019_00\gameprogramming\debug\gameprogramming.tlog\link.command.1.tlog
c:\users\kndu8\git\04kondoh\ghodt watcher\ゲーム制作\3dlv1_vs2019_00\gameprogramming\debug\gameprogramming.tlog\link.read.1.tlog
c:\users\kndu8\git\04kondoh\ghodt watcher\ゲーム制作\3dlv1_vs2019_00\gameprogramming\debug\gameprogramming.tlog\link.secondary.1.tlog
c:\users\kndu8\git\04kondoh\ghodt watcher\ゲーム制作\3dlv1_vs2019_00\gameprogramming\debug\gameprogramming.tlog\link.write.1.tlog
