  CApplication.cpp
  CBackGraund.cpp
  CBillBoard.cpp
  CBlock.cpp
  CBullet.cpp
  CCamera.cpp
  CCharacter.cpp
  CCharacter3.cpp
  CCharacterManager.cpp
  CCollider.cpp
  CColliderLine.cpp
  CColliderMesh.cpp
  CColliderTriangle.cpp
  CCollisionManager.cpp
  CEffect.cpp
  CEnemy.cpp
  CEnemy2.cpp
  CEnemy3.cpp
  CFont.cpp
  CGame.cpp
  コードを生成中...
  コンパイル中...
  CMaterial.cpp
  CMatrix.cpp
C:\Users\kndu8\Git\04Kondoh\GHODT WATCHER\ゲーム制作\3DLv1_vs2019_00\GameProgramming\src\CMatrix.cpp(14,12): warning C4244: '初期化中': 'double' から 'float' への変換です。データが失われる可能性があります。
C:\Users\kndu8\Git\04Kondoh\GHODT WATCHER\ゲーム制作\3DLv1_vs2019_00\GameProgramming\src\CMatrix.cpp(29,12): warning C4244: '初期化中': 'double' から 'float' への変換です。データが失われる可能性があります。
C:\Users\kndu8\Git\04Kondoh\GHODT WATCHER\ゲーム制作\3DLv1_vs2019_00\GameProgramming\src\CMatrix.cpp(44,12): warning C4244: '初期化中': 'double' から 'float' への変換です。データが失われる可能性があります。
  CModel.cpp
C:\Users\kndu8\Git\04Kondoh\GHODT WATCHER\ゲーム制作\3DLv1_vs2019_00\GameProgramming\src\CModel.cpp(190,20): warning C4018: '<': signed と unsigned の数値を比較しようとしました。
C:\Users\kndu8\Git\04Kondoh\GHODT WATCHER\ゲーム制作\3DLv1_vs2019_00\GameProgramming\src\CModel.cpp(243,20): warning C4018: '<': signed と unsigned の数値を比較しようとしました。
C:\Users\kndu8\Git\04Kondoh\GHODT WATCHER\ゲーム制作\3DLv1_vs2019_00\GameProgramming\src\CModel.cpp(254,20): warning C4018: '<': signed と unsigned の数値を比較しようとしました。
C:\Users\kndu8\Git\04Kondoh\GHODT WATCHER\ゲーム制作\3DLv1_vs2019_00\GameProgramming\src\CModel.cpp(256,21): warning C4018: '<': signed と unsigned の数値を比較しようとしました。
  CPlayer.cpp
  CPlayer2.cpp
C:\Users\kndu8\Git\04Kondoh\GHODT WATCHER\ゲーム制作\3DLv1_vs2019_00\GameProgramming\src\CPlayer2.cpp(12,1): warning C4005: 'VELOCITY': マクロが再定義されました。
  C:\Users\kndu8\Git\04Kondoh\GHODT WATCHER\ゲーム制作\3DLv1_vs2019_00\GameProgramming\src\CCharacter.h(6,1):
  'VELOCITY' の以前の定義を確認してください
  
  CPoint.cpp
  CRectangle.cpp
  CSound.cpp
  CTaskManager.cpp
  CTexture.cpp
  CInput.cpp
C:\Users\kndu8\Git\04Kondoh\GHODT WATCHER\ゲーム制作\3DLv1_vs2019_00\GameProgramming\src\CInput.cpp(20,8): warning C4244: '=': 'double' から 'int' への変換です。データが失われる可能性があります。
C:\Users\kndu8\Git\04Kondoh\GHODT WATCHER\ゲーム制作\3DLv1_vs2019_00\GameProgramming\src\CInput.cpp(21,8): warning C4244: '=': 'double' から 'int' への変換です。データが失われる可能性があります。
  CTransform.cpp
  CTriangle.cpp
  CUi.cpp
C:\Users\kndu8\Git\04Kondoh\GHODT WATCHER\ゲーム制作\3DLv1_vs2019_00\GameProgramming\src\CUi.cpp(55,7): warning C4101: 'buf': ローカル変数は 1 度も使われていません。
  CVector.cpp
  main.cpp
  コードを生成中...
LINK : warning LNK4098: defaultlib 'MSVCRT' は他のライブラリの使用と競合しています。/NODEFAULTLIB:library を使用してください。
LINK : warning LNK4098: defaultlib 'LIBCMT' は他のライブラリの使用と競合しています。/NODEFAULTLIB:library を使用してください。
  GameProgramming.vcxproj -> C:\Users\kndu8\Git\04Kondoh\GHODT WATCHER\ゲーム制作\3DLv1_vs2019_00\Debug\GameProgramming.exe
