  CApplication.cpp
  CBackGraund.cpp
  CBillBoard.cpp
  CBullet.cpp
  CCamera.cpp
  CCharacter3.cpp
  CCollider.cpp
  CColliderLine.cpp
  CColliderMesh.cpp
  CColliderTriangle.cpp
  CCollisionManager.cpp
  CEffect.cpp
  CEnemy.cpp
  CEnemy2.cpp
  CEnemy3.cpp
  CGame.cpp
  CPlayer.cpp
  CPlayer2.cpp
  CTaskManager.cpp
C:\Users\kndu8\Git\04Kondoh\GHODT WATCHER\ゲーム制作\3DLv1_vs2019_00\GameProgramming\src\CPlayer2.cpp(12,1): warning C4005: 'VELOCITY': マクロが再定義されました。
  C:\Users\kndu8\Git\04Kondoh\GHODT WATCHER\ゲーム制作\3DLv1_vs2019_00\GameProgramming\src\CCharacter.h(6,1):
  'VELOCITY' の以前の定義を確認してください
  
  CUi.cpp
C:\Users\kndu8\Git\04Kondoh\GHODT WATCHER\ゲーム制作\3DLv1_vs2019_00\GameProgramming\src\CUi.cpp(55,7): warning C4101: 'buf': ローカル変数は 1 度も使われていません。
  コンパイル中...
  main.cpp
  コード生成しています。
  15 of 468 functions ( 3.2%) were compiled, the rest were copied from previous compilation.
    0 functions were new in current compilation
    43 functions had inline decision re-evaluated but remain unchanged
  コード生成が終了しました。
  GameProgramming.vcxproj -> C:\Users\kndu8\Git\04Kondoh\GHODT WATCHER\ゲーム制作\3DLv1_vs2019_00\Release\GameProgramming.exe
