c:\users\kndu8\git\04kondoh\3dlv1_vs2019_00\gameprogramming\debug\capplication.obj
c:\users\kndu8\git\04kondoh\3dlv1_vs2019_00\gameprogramming\debug\cbillboard.obj
c:\users\kndu8\git\04kondoh\3dlv1_vs2019_00\gameprogramming\debug\cbullet.obj
c:\users\kndu8\git\04kondoh\3dlv1_vs2019_00\gameprogramming\debug\ccamera.obj
c:\users\kndu8\git\04kondoh\3dlv1_vs2019_00\gameprogramming\debug\ccharacter3.obj
c:\users\kndu8\git\04kondoh\3dlv1_vs2019_00\gameprogramming\debug\ccollider.obj
c:\users\kndu8\git\04kondoh\3dlv1_vs2019_00\gameprogramming\debug\ccolliderline.obj
c:\users\kndu8\git\04kondoh\3dlv1_vs2019_00\gameprogramming\debug\ccollidermesh.obj
c:\users\kndu8\git\04kondoh\3dlv1_vs2019_00\gameprogramming\debug\ccollidertriangle.obj
c:\users\kndu8\git\04kondoh\3dlv1_vs2019_00\gameprogramming\debug\ccollisionmanager.obj
c:\users\kndu8\git\04kondoh\3dlv1_vs2019_00\gameprogramming\debug\ceffect.obj
c:\users\kndu8\git\04kondoh\3dlv1_vs2019_00\gameprogramming\debug\cenemy.obj
c:\users\kndu8\git\04kondoh\3dlv1_vs2019_00\gameprogramming\debug\cenemy3.obj
c:\users\kndu8\git\04kondoh\3dlv1_vs2019_00\gameprogramming\debug\cfont.obj
c:\users\kndu8\git\04kondoh\3dlv1_vs2019_00\gameprogramming\debug\cmaterial.obj
c:\users\kndu8\git\04kondoh\3dlv1_vs2019_00\gameprogramming\debug\cmatrix.obj
c:\users\kndu8\git\04kondoh\3dlv1_vs2019_00\gameprogramming\debug\cmodel.obj
c:\users\kndu8\git\04kondoh\3dlv1_vs2019_00\gameprogramming\debug\cmodelx.obj
c:\users\kndu8\git\04kondoh\3dlv1_vs2019_00\gameprogramming\debug\cplayer.obj
c:\users\kndu8\git\04kondoh\3dlv1_vs2019_00\gameprogramming\debug\csound.obj
c:\users\kndu8\git\04kondoh\3dlv1_vs2019_00\gameprogramming\debug\cui.obj
c:\users\kndu8\git\04kondoh\3dlv1_vs2019_00\gameprogramming\debug\cvector.obj
c:\users\kndu8\git\04kondoh\3dlv1_vs2019_00\gameprogramming\debug\cxcharacter.obj
c:\users\kndu8\git\04kondoh\3dlv1_vs2019_00\gameprogramming\debug\main.obj
c:\users\kndu8\git\04kondoh\3dlv1_vs2019_00\gameprogramming\debug\vc143.idb
c:\users\kndu8\git\04kondoh\3dlv1_vs2019_00\gameprogramming\debug\vc143.pdb
c:\users\kndu8\git\04kondoh\3dlv1_vs2019_00\gameprogramming\debug\gameprogramming.tlog\cl.command.1.tlog
