  BGMData.cpp
  CBGMManager.cpp
  CBillBoard.cpp
  CBillBoardImage.cpp
  CBounds.cpp
  CButton.cpp
  CCamera.cpp
  CCollider.cpp
  CColliderCapsule.cpp
  CColliderLine.cpp
  CColliderMesh.cpp
  CColliderSphere.cpp
  CColliderTriangle.cpp
  CCollisionManager.cpp
  CColor.cpp
  CDebugCamera.cpp
  CDebugInput.cpp
  CDebugPrint.cpp
  CDebugProfiler.cpp
  CDebugTimer.cpp
  コンパイル中...
  CEffect.cpp
  CExpandButton.cpp
  CFade.cpp
  CFont.cpp
  CCharaBase.cpp
  CGamePause.cpp
  CInput.cpp
  CLineEffect.cpp
C:\Users\kndu8\Git\04Kondoh\untitled\Game\BaseProject\src\BaseSystem\CLineEffect.cpp(94,28): warning C4018: '<': signed と unsigned の数値を比較しようとしました。
C:\Users\kndu8\Git\04Kondoh\untitled\Game\BaseProject\src\BaseSystem\CLineEffect.cpp(110,28): warning C4018: '<': signed と unsigned の数値を比較しようとしました。
C:\Users\kndu8\Git\04Kondoh\untitled\Game\BaseProject\src\BaseSystem\CLineEffect.cpp(117,28): warning C4018: '<': signed と unsigned の数値を比較しようとしました。
  CMaterial.cpp
  CMatrix.cpp
  CModel.cpp
C:\Users\kndu8\Git\04Kondoh\untitled\Game\BaseProject\src\BaseSystem\CModel.cpp(222,20): warning C4018: '<': signed と unsigned の数値を比較しようとしました。
C:\Users\kndu8\Git\04Kondoh\untitled\Game\BaseProject\src\BaseSystem\CModel.cpp(244,20): warning C4018: '<': signed と unsigned の数値を比較しようとしました。
C:\Users\kndu8\Git\04Kondoh\untitled\Game\BaseProject\src\BaseSystem\CModel.cpp(399,20): warning C4018: '<': signed と unsigned の数値を比較しようとしました。
C:\Users\kndu8\Git\04Kondoh\untitled\Game\BaseProject\src\BaseSystem\CModel.cpp(401,21): warning C4018: '<': signed と unsigned の数値を比較しようとしました。
  CModelX.cpp
  CMyShader.cpp
  CRect.cpp
  CResource.cpp
  CResourceManager.cpp
  CSoundManager.cpp
  CTrailEffect.cpp
  CUIManager.cpp
  Easing.cpp
C:\Users\kndu8\Git\04Kondoh\untitled\Game\BaseProject\src\BaseSystem\Easing.cpp(105,50): warning C4244: '引数': 'double' から 'float' への変換です。データが失われる可能性があります。
C:\Users\kndu8\Git\04Kondoh\untitled\Game\BaseProject\src\BaseSystem\Easing.cpp(111,49): warning C4244: '引数': 'double' から 'float' への変換です。データが失われる可能性があります。
C:\Users\kndu8\Git\04Kondoh\untitled\Game\BaseProject\src\BaseSystem\Easing.cpp(117,39): warning C4244: '引数': 'double' から 'float' への変換です。データが失われる可能性があります。
C:\Users\kndu8\Git\04Kondoh\untitled\Game\BaseProject\src\BaseSystem\Easing.cpp(188,26): warning C4244: '=': 'double' から 'float' への変換です。データが失われる可能性があります。
C:\Users\kndu8\Git\04Kondoh\untitled\Game\BaseProject\src\BaseSystem\Easing.cpp(192,77): warning C4244: '引数': 'double' から 'float' への変換です。データが失われる可能性があります。
C:\Users\kndu8\Git\04Kondoh\untitled\Game\BaseProject\src\BaseSystem\Easing.cpp(214,26): warning C4244: '=': 'double' から 'float' への変換です。データが失われる可能性があります。
C:\Users\kndu8\Git\04Kondoh\untitled\Game\BaseProject\src\BaseSystem\Easing.cpp(217,76): warning C4244: '引数': 'double' から 'float' への変換です。データが失われる可能性があります。
C:\Users\kndu8\Git\04Kondoh\untitled\Game\BaseProject\src\BaseSystem\Easing.cpp(239,26): warning C4244: '=': 'double' から 'float' への変換です。データが失われる可能性があります。
C:\Users\kndu8\Git\04Kondoh\untitled\Game\BaseProject\src\BaseSystem\Easing.cpp(244,95): warning C4244: '引数': 'double' から 'float' への変換です。データが失われる可能性があります。
C:\Users\kndu8\Git\04Kondoh\untitled\Game\BaseProject\src\BaseSystem\Easing.cpp(248,76): warning C4244: '引数': 'double' から 'float' への変換です。データが失われる可能性があります。
  コンパイル中...
  Primitive.cpp
  CQuaternion.cpp
C:\Users\kndu8\Git\04Kondoh\untitled\Game\BaseProject\src\BaseSystem\CQuaternion.cpp(128,13): warning C4305: '=': 'double' から 'float' へ切り詰めます。
C:\Users\kndu8\Git\04Kondoh\untitled\Game\BaseProject\src\BaseSystem\CQuaternion.cpp(134,14): warning C4305: '=': 'double' から 'float' へ切り詰めます。
C:\Users\kndu8\Git\04Kondoh\untitled\Game\BaseProject\src\BaseSystem\CQuaternion.cpp(242,20): warning C4305: '引数': 'double' から 'float' へ切り詰めます。
  CSceneBase.cpp
  CSceneManager.cpp
  CShader.cpp
  CSound.cpp
C:\Users\kndu8\Git\04Kondoh\untitled\Game\BaseProject\src\BaseSystem\CSound.cpp(113,25): warning C4101: 'hr': ローカル変数は 1 度も使われていません。
C:\Users\kndu8\Git\04Kondoh\untitled\Game\BaseProject\src\BaseSystem\CSound.cpp(256,13): warning C4018: '>=': signed と unsigned の数値を比較しようとしました。
C:\Users\kndu8\Git\04Kondoh\untitled\Game\BaseProject\src\BaseSystem\CSound.cpp(298,13): warning C4018: '>=': signed と unsigned の数値を比較しようとしました。
C:\Users\kndu8\Git\04Kondoh\untitled\Game\BaseProject\src\BaseSystem\CSound.cpp(354,27): warning C4018: '>=': signed と unsigned の数値を比較しようとしました。
C:\Users\kndu8\Git\04Kondoh\untitled\Game\BaseProject\src\BaseSystem\CSound.cpp(377,13): warning C4018: '>=': signed と unsigned の数値を比較しようとしました。
C:\Users\kndu8\Git\04Kondoh\untitled\Game\BaseProject\src\BaseSystem\CSound.cpp(411,28): warning C4018: '<': signed と unsigned の数値を比較しようとしました。
  CTask.cpp
  CTaskManager.cpp
  CText.cpp
  CTexture.cpp
  CTextureFont.cpp
  CTransform.cpp
  CTriangle.cpp
  CUIBase.cpp
  CVector.cpp
  CObjectBase.cpp
  Maths.cpp
  System.cpp
  CApplication.cpp
  CBullet.cpp
  コンパイル中...
  CEnemyA.cpp
  CField.cpp
  CFlame.cpp
  CFlamethrower.cpp
  CGameCamera.cpp
  CGameCamera2.cpp
  CGameMenu.cpp
C:\Users\kndu8\Git\04Kondoh\untitled\Game\BaseProject\src\Game\CGameMenu.cpp(119,20): warning C4018: '<': signed と unsigned の数値を比較しようとしました。
  CGameScene.cpp
  CImage.cpp
  CMoveFloor.cpp
  CPlayer.cpp
  CRideabeObject.cpp
  CRotateFloor.cpp
  CSlash.cpp
  CTitleScene.cpp
  CTitleUI.cpp
  CXCharacter.cpp
  main.cpp
  CBootMenuScene.cpp
  CColBase.cpp
  コンパイル中...
  CColCapsule.cpp
  CColLine.cpp
  CCollisionTestScene.cpp
  CColQuad.cpp
  CColSphere.cpp
  CColTriangle.cpp
  CMeasure.cpp
LINK : fatal error C1047: オブジェクトまたはライブラリ ファイル 'lib\ftgl_static.lib' は、'Release\BGMData.obj' などの他のオブジェクトとは異なるバージョンのコンパイラで作成されています。同じコンパイラを使用してすべてのオブジェクトとライブラリをリビルドします
LINK : fatal error LNK1257: コードの生成に失敗しました。
