  BGMData.cpp
  CBGMManager.cpp
  CBillBoard.cpp
  CBillBoardImage.cpp
  CBounds.cpp
  CButton.cpp
  CCamera.cpp
  CCollider.cpp
  CColliderCapsule.cpp
  CColliderLine.cpp
  CColliderMesh.cpp
  CColliderSphere.cpp
  CColliderTriangle.cpp
  CCollisionManager.cpp
  CColor.cpp
  CDebugCamera.cpp
  CDebugInput.cpp
  CDebugPrint.cpp
  CDebugProfiler.cpp
  CDebugTimer.cpp
  コンパイル中...
  CEffect.cpp
  CExpandButton.cpp
  CFade.cpp
  CFont.cpp
  CCharaBase.cpp
  CGamePause.cpp
  CInput.cpp
  CLineEffect.cpp
C:\Users\kndu8\Git\04Kondoh\未名のゲーム\BaseProject\BaseProject\BaseProject\src\BaseSystem\CLineEffect.cpp(94,28): warning C4018: '<': signed と unsigned の数値を比較しようとしました。
C:\Users\kndu8\Git\04Kondoh\未名のゲーム\BaseProject\BaseProject\BaseProject\src\BaseSystem\CLineEffect.cpp(110,28): warning C4018: '<': signed と unsigned の数値を比較しようとしました。
C:\Users\kndu8\Git\04Kondoh\未名のゲーム\BaseProject\BaseProject\BaseProject\src\BaseSystem\CLineEffect.cpp(117,28): warning C4018: '<': signed と unsigned の数値を比較しようとしました。
  CMaterial.cpp
  CMatrix.cpp
  CModel.cpp
C:\Users\kndu8\Git\04Kondoh\未名のゲーム\BaseProject\BaseProject\BaseProject\src\BaseSystem\CModel.cpp(222,20): warning C4018: '<': signed と unsigned の数値を比較しようとしました。
C:\Users\kndu8\Git\04Kondoh\未名のゲーム\BaseProject\BaseProject\BaseProject\src\BaseSystem\CModel.cpp(244,20): warning C4018: '<': signed と unsigned の数値を比較しようとしました。
C:\Users\kndu8\Git\04Kondoh\未名のゲーム\BaseProject\BaseProject\BaseProject\src\BaseSystem\CModel.cpp(399,20): warning C4018: '<': signed と unsigned の数値を比較しようとしました。
C:\Users\kndu8\Git\04Kondoh\未名のゲーム\BaseProject\BaseProject\BaseProject\src\BaseSystem\CModel.cpp(401,21): warning C4018: '<': signed と unsigned の数値を比較しようとしました。
  CModelX.cpp
  CMyShader.cpp
  CRect.cpp
  CResource.cpp
  CResourceManager.cpp
  CSoundManager.cpp
  CTrailEffect.cpp
  CUIManager.cpp
  Easing.cpp
C:\Users\kndu8\Git\04Kondoh\未名のゲーム\BaseProject\BaseProject\BaseProject\src\BaseSystem\Easing.cpp(105,50): warning C4244: '引数': 'double' から 'float' への変換です。データが失われる可能性があります。
C:\Users\kndu8\Git\04Kondoh\未名のゲーム\BaseProject\BaseProject\BaseProject\src\BaseSystem\Easing.cpp(111,49): warning C4244: '引数': 'double' から 'float' への変換です。データが失われる可能性があります。
C:\Users\kndu8\Git\04Kondoh\未名のゲーム\BaseProject\BaseProject\BaseProject\src\BaseSystem\Easing.cpp(117,39): warning C4244: '引数': 'double' から 'float' への変換です。データが失われる可能性があります。
C:\Users\kndu8\Git\04Kondoh\未名のゲーム\BaseProject\BaseProject\BaseProject\src\BaseSystem\Easing.cpp(188,26): warning C4244: '=': 'double' から 'float' への変換です。データが失われる可能性があります。
C:\Users\kndu8\Git\04Kondoh\未名のゲーム\BaseProject\BaseProject\BaseProject\src\BaseSystem\Easing.cpp(192,77): warning C4244: '引数': 'double' から 'float' への変換です。データが失われる可能性があります。
C:\Users\kndu8\Git\04Kondoh\未名のゲーム\BaseProject\BaseProject\BaseProject\src\BaseSystem\Easing.cpp(214,26): warning C4244: '=': 'double' から 'float' への変換です。データが失われる可能性があります。
C:\Users\kndu8\Git\04Kondoh\未名のゲーム\BaseProject\BaseProject\BaseProject\src\BaseSystem\Easing.cpp(217,76): warning C4244: '引数': 'double' から 'float' への変換です。データが失われる可能性があります。
C:\Users\kndu8\Git\04Kondoh\未名のゲーム\BaseProject\BaseProject\BaseProject\src\BaseSystem\Easing.cpp(239,26): warning C4244: '=': 'double' から 'float' への変換です。データが失われる可能性があります。
C:\Users\kndu8\Git\04Kondoh\未名のゲーム\BaseProject\BaseProject\BaseProject\src\BaseSystem\Easing.cpp(244,95): warning C4244: '引数': 'double' から 'float' への変換です。データが失われる可能性があります。
C:\Users\kndu8\Git\04Kondoh\未名のゲーム\BaseProject\BaseProject\BaseProject\src\BaseSystem\Easing.cpp(248,76): warning C4244: '引数': 'double' から 'float' への変換です。データが失われる可能性があります。
  コンパイル中...
  Primitive.cpp
  CQuaternion.cpp
C:\Users\kndu8\Git\04Kondoh\未名のゲーム\BaseProject\BaseProject\BaseProject\src\BaseSystem\CQuaternion.cpp(128,13): warning C4305: '=': 'double' から 'float' へ切り詰めます。
C:\Users\kndu8\Git\04Kondoh\未名のゲーム\BaseProject\BaseProject\BaseProject\src\BaseSystem\CQuaternion.cpp(134,14): warning C4305: '=': 'double' から 'float' へ切り詰めます。
C:\Users\kndu8\Git\04Kondoh\未名のゲーム\BaseProject\BaseProject\BaseProject\src\BaseSystem\CQuaternion.cpp(242,20): warning C4305: '引数': 'double' から 'float' へ切り詰めます。
  CSceneBase.cpp
  CSceneManager.cpp
  CShader.cpp
  CSound.cpp
C:\Users\kndu8\Git\04Kondoh\未名のゲーム\BaseProject\BaseProject\BaseProject\src\BaseSystem\CSound.cpp(113,25): warning C4101: 'hr': ローカル変数は 1 度も使われていません。
C:\Users\kndu8\Git\04Kondoh\未名のゲーム\BaseProject\BaseProject\BaseProject\src\BaseSystem\CSound.cpp(256,13): warning C4018: '>=': signed と unsigned の数値を比較しようとしました。
C:\Users\kndu8\Git\04Kondoh\未名のゲーム\BaseProject\BaseProject\BaseProject\src\BaseSystem\CSound.cpp(298,13): warning C4018: '>=': signed と unsigned の数値を比較しようとしました。
C:\Users\kndu8\Git\04Kondoh\未名のゲーム\BaseProject\BaseProject\BaseProject\src\BaseSystem\CSound.cpp(354,27): warning C4018: '>=': signed と unsigned の数値を比較しようとしました。
C:\Users\kndu8\Git\04Kondoh\未名のゲーム\BaseProject\BaseProject\BaseProject\src\BaseSystem\CSound.cpp(377,13): warning C4018: '>=': signed と unsigned の数値を比較しようとしました。
C:\Users\kndu8\Git\04Kondoh\未名のゲーム\BaseProject\BaseProject\BaseProject\src\BaseSystem\CSound.cpp(411,28): warning C4018: '<': signed と unsigned の数値を比較しようとしました。
  CTask.cpp
  CTaskManager.cpp
  CText.cpp
  CTexture.cpp
  CTextureFont.cpp
  CTransform.cpp
  CTriangle.cpp
  CUIBase.cpp
  CVector.cpp
  CObjectBase.cpp
  Maths.cpp
C:\Program Files\Microsoft Visual Studio\2022\Community\VC\Tools\MSVC\14.39.33519\include\ctime(21,25): error C2039: 'clock_t': '`global namespace'' のメンバーではありません
  (ソース ファイル 'src/BaseSystem/Maths.cpp' をコンパイルしています)
  
C:\Program Files\Microsoft Visual Studio\2022\Community\VC\Tools\MSVC\14.39.33519\include\ctime(21,13): error C2873: 'clock_t': シンボルを using 宣言の中で使用することはできません。
  (ソース ファイル 'src/BaseSystem/Maths.cpp' をコンパイルしています)
  
C:\Program Files\Microsoft Visual Studio\2022\Community\VC\Tools\MSVC\14.39.33519\include\ctime(25,25): error C2039: 'asctime': '`global namespace'' のメンバーではありません
  (ソース ファイル 'src/BaseSystem/Maths.cpp' をコンパイルしています)
  
C:\Program Files\Microsoft Visual Studio\2022\Community\VC\Tools\MSVC\14.39.33519\include\ctime(25,13): error C2873: 'asctime': シンボルを using 宣言の中で使用することはできません。
  (ソース ファイル 'src/BaseSystem/Maths.cpp' をコンパイルしています)
  
C:\Program Files\Microsoft Visual Studio\2022\Community\VC\Tools\MSVC\14.39.33519\include\ctime(26,25): error C2039: 'clock': '`global namespace'' のメンバーではありません
  (ソース ファイル 'src/BaseSystem/Maths.cpp' をコンパイルしています)
  
C:\Program Files\Microsoft Visual Studio\2022\Community\VC\Tools\MSVC\14.39.33519\include\ctime(26,13): error C2873: 'clock': シンボルを using 宣言の中で使用することはできません。
  (ソース ファイル 'src/BaseSystem/Maths.cpp' をコンパイルしています)
  
C:\Program Files\Microsoft Visual Studio\2022\Community\VC\Tools\MSVC\14.39.33519\include\ctime(27,25): error C2039: 'strftime': '`global namespace'' のメンバーではありません
  (ソース ファイル 'src/BaseSystem/Maths.cpp' をコンパイルしています)
  
C:\Program Files\Microsoft Visual Studio\2022\Community\VC\Tools\MSVC\14.39.33519\include\ctime(27,13): error C2873: 'strftime': シンボルを using 宣言の中で使用することはできません。
  (ソース ファイル 'src/BaseSystem/Maths.cpp' をコンパイルしています)
  
C:\Program Files\Microsoft Visual Studio\2022\Community\VC\Tools\MSVC\14.39.33519\include\ctime(79,25): error C2039: 'ctime': '`global namespace'' のメンバーではありません
  (ソース ファイル 'src/BaseSystem/Maths.cpp' をコンパイルしています)
  
C:\Program Files\Microsoft Visual Studio\2022\Community\VC\Tools\MSVC\14.39.33519\include\ctime(79,13): error C2873: 'ctime': シンボルを using 宣言の中で使用することはできません。
  (ソース ファイル 'src/BaseSystem/Maths.cpp' をコンパイルしています)
  
C:\Program Files\Microsoft Visual Studio\2022\Community\VC\Tools\MSVC\14.39.33519\include\ctime(80,25): error C2039: 'difftime': '`global namespace'' のメンバーではありません
  (ソース ファイル 'src/BaseSystem/Maths.cpp' をコンパイルしています)
  
C:\Program Files\Microsoft Visual Studio\2022\Community\VC\Tools\MSVC\14.39.33519\include\ctime(80,13): error C2873: 'difftime': シンボルを using 宣言の中で使用することはできません。
  (ソース ファイル 'src/BaseSystem/Maths.cpp' をコンパイルしています)
  
C:\Program Files\Microsoft Visual Studio\2022\Community\VC\Tools\MSVC\14.39.33519\include\ctime(81,25): error C2039: 'gmtime': '`global namespace'' のメンバーではありません
  (ソース ファイル 'src/BaseSystem/Maths.cpp' をコンパイルしています)
  
C:\Program Files\Microsoft Visual Studio\2022\Community\VC\Tools\MSVC\14.39.33519\include\ctime(81,13): error C2873: 'gmtime': シンボルを using 宣言の中で使用することはできません。
  (ソース ファイル 'src/BaseSystem/Maths.cpp' をコンパイルしています)
  
C:\Program Files\Microsoft Visual Studio\2022\Community\VC\Tools\MSVC\14.39.33519\include\ctime(82,25): error C2039: 'localtime': '`global namespace'' のメンバーではありません
  (ソース ファイル 'src/BaseSystem/Maths.cpp' をコンパイルしています)
  
C:\Program Files\Microsoft Visual Studio\2022\Community\VC\Tools\MSVC\14.39.33519\include\ctime(82,13): error C2873: 'localtime': シンボルを using 宣言の中で使用することはできません。
  (ソース ファイル 'src/BaseSystem/Maths.cpp' をコンパイルしています)
  
C:\Program Files\Microsoft Visual Studio\2022\Community\VC\Tools\MSVC\14.39.33519\include\ctime(83,25): error C2039: 'mktime': '`global namespace'' のメンバーではありません
  (ソース ファイル 'src/BaseSystem/Maths.cpp' をコンパイルしています)
  
C:\Program Files\Microsoft Visual Studio\2022\Community\VC\Tools\MSVC\14.39.33519\include\ctime(83,13): error C2873: 'mktime': シンボルを using 宣言の中で使用することはできません。
  (ソース ファイル 'src/BaseSystem/Maths.cpp' をコンパイルしています)
  
C:\Program Files\Microsoft Visual Studio\2022\Community\VC\Tools\MSVC\14.39.33519\include\ctime(84,25): error C2039: 'time': '`global namespace'' のメンバーではありません
  (ソース ファイル 'src/BaseSystem/Maths.cpp' をコンパイルしています)
  
C:\Program Files\Microsoft Visual Studio\2022\Community\VC\Tools\MSVC\14.39.33519\include\ctime(84,13): error C2873: 'time': シンボルを using 宣言の中で使用することはできません。
  (ソース ファイル 'src/BaseSystem/Maths.cpp' をコンパイルしています)
  
C:\Program Files\Microsoft Visual Studio\2022\Community\VC\Tools\MSVC\14.39.33519\include\xthreads.h(127,84): error C4430: 型指定子がありません - int と仮定しました。メモ: C++ は int を既定値としてサポートしていません
  (ソース ファイル 'src/BaseSystem/Maths.cpp' をコンパイルしています)
  
C:\Program Files\Microsoft Visual Studio\2022\Community\VC\Tools\MSVC\14.39.33519\include\xthreads.h(127,84): error C2143: 構文エラー: ',' が '*' の前にありません。
  (ソース ファイル 'src/BaseSystem/Maths.cpp' をコンパイルしています)
  
  System.cpp
  CApplication.cpp
  CBullet.cpp
  コンパイル中...
  CEnemy.cpp
  CField.cpp
  CFlame.cpp
  CFlamethrower.cpp
  CGameCamera.cpp
  CGameCamera2.cpp
  CGameMenu.cpp
C:\Users\kndu8\Git\04Kondoh\未名のゲーム\BaseProject\BaseProject\BaseProject\src\Game\CGameMenu.cpp(119,20): warning C4018: '<': signed と unsigned の数値を比較しようとしました。
  CGameScene.cpp
  CImage.cpp
  CMoveFloor.cpp
  CPlayer.cpp
  CRideabeObject.cpp
  CRotateFloor.cpp
  CSlash.cpp
  CTitleScene.cpp
  CTitleUI.cpp
  CXCharacter.cpp
  main.cpp
  CBootMenuScene.cpp
  CColBase.cpp
  コンパイル中...
  CColCapsule.cpp
  CColLine.cpp
  CCollisionTestScene.cpp
  CColQuad.cpp
  CColSphere.cpp
  CColTriangle.cpp
  CMeasure.cpp
