c:\users\kndu8\git\04kondoh\untitled\game\baseproject\debug\vc143.pdb
c:\users\kndu8\git\04kondoh\untitled\game\baseproject\debug\vc143.idb
c:\users\kndu8\git\04kondoh\untitled\game\baseproject\debug\cdebugtimer.obj
c:\users\kndu8\git\04kondoh\untitled\game\baseproject\debug\cbgmmanager.obj
c:\users\kndu8\git\04kondoh\untitled\game\baseproject\debug\cbillboard.obj
c:\users\kndu8\git\04kondoh\untitled\game\baseproject\debug\cbillboardimage.obj
c:\users\kndu8\git\04kondoh\untitled\game\baseproject\debug\cbounds.obj
c:\users\kndu8\git\04kondoh\untitled\game\baseproject\debug\cbutton.obj
c:\users\kndu8\git\04kondoh\untitled\game\baseproject\debug\ccamera.obj
c:\users\kndu8\git\04kondoh\untitled\game\baseproject\debug\ccollider.obj
c:\users\kndu8\git\04kondoh\untitled\game\baseproject\debug\ccollidercapsule.obj
c:\users\kndu8\git\04kondoh\untitled\game\baseproject\debug\ccolliderline.obj
c:\users\kndu8\git\04kondoh\untitled\game\baseproject\debug\ccollidermesh.obj
c:\users\kndu8\git\04kondoh\untitled\game\baseproject\debug\ccollidersphere.obj
c:\users\kndu8\git\04kondoh\untitled\game\baseproject\debug\ccollidertriangle.obj
c:\users\kndu8\git\04kondoh\untitled\game\baseproject\debug\ccollisionmanager.obj
c:\users\kndu8\git\04kondoh\untitled\game\baseproject\debug\ccolor.obj
c:\users\kndu8\git\04kondoh\untitled\game\baseproject\debug\cdebugcamera.obj
c:\users\kndu8\git\04kondoh\untitled\game\baseproject\debug\cdebuginput.obj
c:\users\kndu8\git\04kondoh\untitled\game\baseproject\debug\cdebugprint.obj
c:\users\kndu8\git\04kondoh\untitled\game\baseproject\debug\bgmdata.obj
c:\users\kndu8\git\04kondoh\untitled\game\baseproject\debug\capplication.obj
c:\users\kndu8\git\04kondoh\untitled\game\baseproject\debug\cbootmenuscene.obj
c:\users\kndu8\git\04kondoh\untitled\game\baseproject\debug\cbullet.obj
c:\users\kndu8\git\04kondoh\untitled\game\baseproject\debug\ccharabase.obj
c:\users\kndu8\git\04kondoh\untitled\game\baseproject\debug\ccolbase.obj
c:\users\kndu8\git\04kondoh\untitled\game\baseproject\debug\ccoltriangle.obj
c:\users\kndu8\git\04kondoh\untitled\game\baseproject\debug\ceffect.obj
c:\users\kndu8\git\04kondoh\untitled\game\baseproject\debug\cenemya.obj
c:\users\kndu8\git\04kondoh\untitled\game\baseproject\debug\cexpandbutton.obj
c:\users\kndu8\git\04kondoh\untitled\game\baseproject\debug\cfade.obj
c:\users\kndu8\git\04kondoh\untitled\game\baseproject\debug\cfield.obj
c:\users\kndu8\git\04kondoh\untitled\game\baseproject\debug\cflame.obj
c:\users\kndu8\git\04kondoh\untitled\game\baseproject\debug\cflamethrower.obj
c:\users\kndu8\git\04kondoh\untitled\game\baseproject\debug\cfont.obj
c:\users\kndu8\git\04kondoh\untitled\game\baseproject\debug\cgamecamera.obj
c:\users\kndu8\git\04kondoh\untitled\game\baseproject\debug\cgamecamera2.obj
c:\users\kndu8\git\04kondoh\untitled\game\baseproject\debug\cgamemenu.obj
c:\users\kndu8\git\04kondoh\untitled\game\baseproject\debug\cgamepause.obj
c:\users\kndu8\git\04kondoh\untitled\game\baseproject\debug\cgamescene.obj
c:\users\kndu8\git\04kondoh\untitled\game\baseproject\debug\cimage.obj
c:\users\kndu8\git\04kondoh\untitled\game\baseproject\debug\cinput.obj
c:\users\kndu8\git\04kondoh\untitled\game\baseproject\debug\clineeffect.obj
c:\users\kndu8\git\04kondoh\untitled\game\baseproject\debug\cmaterial.obj
c:\users\kndu8\git\04kondoh\untitled\game\baseproject\debug\cmatrix.obj
c:\users\kndu8\git\04kondoh\untitled\game\baseproject\debug\cmeasure.obj
c:\users\kndu8\git\04kondoh\untitled\game\baseproject\debug\cmodel.obj
c:\users\kndu8\git\04kondoh\untitled\game\baseproject\debug\cmodelx.obj
c:\users\kndu8\git\04kondoh\untitled\game\baseproject\debug\cmovefloor.obj
c:\users\kndu8\git\04kondoh\untitled\game\baseproject\debug\cmyshader.obj
c:\users\kndu8\git\04kondoh\untitled\game\baseproject\debug\cobjectbase.obj
c:\users\kndu8\git\04kondoh\untitled\game\baseproject\debug\cplayer.obj
c:\users\kndu8\git\04kondoh\untitled\game\baseproject\debug\cquaternion.obj
c:\users\kndu8\git\04kondoh\untitled\game\baseproject\debug\crect.obj
c:\users\kndu8\git\04kondoh\untitled\game\baseproject\debug\cresource.obj
c:\users\kndu8\git\04kondoh\untitled\game\baseproject\debug\cresourcemanager.obj
c:\users\kndu8\git\04kondoh\untitled\game\baseproject\debug\crideabeobject.obj
c:\users\kndu8\git\04kondoh\untitled\game\baseproject\debug\crotatefloor.obj
c:\users\kndu8\git\04kondoh\untitled\game\baseproject\debug\cscenebase.obj
c:\users\kndu8\git\04kondoh\untitled\game\baseproject\debug\cscenemanager.obj
c:\users\kndu8\git\04kondoh\untitled\game\baseproject\debug\cshader.obj
c:\users\kndu8\git\04kondoh\untitled\game\baseproject\debug\cslash.obj
c:\users\kndu8\git\04kondoh\untitled\game\baseproject\debug\csound.obj
c:\users\kndu8\git\04kondoh\untitled\game\baseproject\debug\csoundmanager.obj
c:\users\kndu8\git\04kondoh\untitled\game\baseproject\debug\ctask.obj
c:\users\kndu8\git\04kondoh\untitled\game\baseproject\debug\ctaskmanager.obj
c:\users\kndu8\git\04kondoh\untitled\game\baseproject\debug\ctext.obj
c:\users\kndu8\git\04kondoh\untitled\game\baseproject\debug\ctexture.obj
c:\users\kndu8\git\04kondoh\untitled\game\baseproject\debug\ctexturefont.obj
c:\users\kndu8\git\04kondoh\untitled\game\baseproject\debug\ctitlescene.obj
c:\users\kndu8\git\04kondoh\untitled\game\baseproject\debug\ctitleui.obj
c:\users\kndu8\git\04kondoh\untitled\game\baseproject\debug\ctraileffect.obj
c:\users\kndu8\git\04kondoh\untitled\game\baseproject\debug\ctransform.obj
c:\users\kndu8\git\04kondoh\untitled\game\baseproject\debug\ctriangle.obj
c:\users\kndu8\git\04kondoh\untitled\game\baseproject\debug\cuibase.obj
c:\users\kndu8\git\04kondoh\untitled\game\baseproject\debug\cuimanager.obj
c:\users\kndu8\git\04kondoh\untitled\game\baseproject\debug\cvector.obj
c:\users\kndu8\git\04kondoh\untitled\game\baseproject\debug\cxcharacter.obj
c:\users\kndu8\git\04kondoh\untitled\game\baseproject\debug\easing.obj
c:\users\kndu8\git\04kondoh\untitled\game\baseproject\debug\main.obj
c:\users\kndu8\git\04kondoh\untitled\game\baseproject\debug\maths.obj
c:\users\kndu8\git\04kondoh\untitled\game\baseproject\debug\primitive.obj
c:\users\kndu8\git\04kondoh\untitled\game\baseproject\debug\system.obj
c:\users\kndu8\git\04kondoh\untitled\game\baseproject\debug\baseproject.tlog\cl.command.1.tlog
c:\users\kndu8\git\04kondoh\untitled\game\baseproject\debug\baseproject.tlog\cl.read.1.tlog
c:\users\kndu8\git\04kondoh\untitled\game\baseproject\debug\baseproject.tlog\cl.write.1.tlog
